<?xml version="1.0" encoding="UTF-8"?>
<!-- Generated by org.testng.reporters.JUnitXMLReporter -->
<testsuite ignored="5" hostname="DESKTOP-FNAOHNH" failures="0" tests="1" name="Default test" time="0.085" errors="0" timestamp="2024-01-09T22:57:31 IST">
  <testcase classname="String.ReverseAString5Test" name="sel" time="0.014"/>
  <testcase classname="String.ReverseAString5Test" name="reverse" time="0.0">
    <ignored/>
  </testcase> <!-- reverse -->
  <testcase classname="String.ReverseAString5Test" name="kol" time="0.0">
    <ignored/>
  </testcase> <!-- kol -->
  <testcase classname="String.ReverseAString5Test" name="ff" time="0.0">
    <ignored/>
  </testcase> <!-- ff -->
  <testcase classname="String.ReverseAString5Test" name="assig" time="0.0">
    <ignored/>
  </testcase> <!-- assig -->
  <testcase classname="String.ReverseAString5Test" name="word" time="0.0">
    <ignored/>
  </testcase> <!-- word -->
</testsuite> <!-- Default test -->
