<?xml version="1.0" encoding="UTF-8"?>
<testng-results ignored="5" total="6" passed="1" failed="0" skipped="0">
  <reporter-output>
  </reporter-output>
  <suite started-at="2024-01-09T22:57:31 IST" name="Default suite" finished-at="2024-01-09T22:57:31 IST" duration-ms="85">
    <groups>
    </groups>
    <test started-at="2024-01-09T22:57:31 IST" name="Default test" finished-at="2024-01-09T22:57:31 IST" duration-ms="85">
      <class name="String.ReverseAString5Test">
        <test-method signature="sel()[pri:0, instance:String.ReverseAString5Test@4c371370]" started-at="2024-01-09T22:57:31 IST" name="sel" finished-at="2024-01-09T22:57:31 IST" duration-ms="14" status="PASS">
          <reporter-output>
          </reporter-output>
        </test-method> <!-- sel -->
      </class> <!-- String.ReverseAString5Test -->
    </test> <!-- Default test -->
  </suite> <!-- Default suite -->
</testng-results>
